<?xml version="1.0" encoding="UTF-8"?>
<!-- Generated by org.testng.reporters.JUnitReportReporter -->
<testsuite skipped="0" hostname="ACER" name="com.TestCases.ClarionTest" tests="4" failures="0" timestamp="07 Sep 2020 16:43:15 GMT" time="39.285" errors="0">
  <testcase name="VerifyBlankCreds" time="5.811" classname="com.TestCases.ClarionTest"/>
  <testcase name="VerifyLogin" time="7.188" classname="com.TestCases.ClarionTest"/>
  <testcase name="AddPromise" time="9.728" classname="com.TestCases.ClarionTest"/>
  <testcase name="VerifyPromise" time="16.558" classname="com.TestCases.ClarionTest"/>
</testsuite> <!-- com.TestCases.ClarionTest -->
